0 info it worked if it ends with ok
1 verbose cli [ '/usr/bin/nodejs', '/usr/bin/npm', 'run', 'test' ]
2 info using npm@3.10.10
3 info using node@v6.10.3
4 verbose run-script [ 'pretest', 'test', 'posttest' ]
5 info lifecycle nazip@1.0.0~pretest: nazip@1.0.0
6 silly lifecycle nazip@1.0.0~pretest: no script for pretest, continuing
7 info lifecycle nazip@1.0.0~test: nazip@1.0.0
8 verbose lifecycle nazip@1.0.0~test: unsafe-perm in lifecycle true
9 verbose lifecycle nazip@1.0.0~test: PATH: /usr/lib/node_modules/npm/bin/node-gyp-bin:/home/nazip/prj/react/turnIDE/node_modules/.bin:/home/nazip/bin:/home/nazip/perl5/bin:/home/nazip/.rvm/gems/ruby-2.3.1/bin:/home/nazip/.rvm/gems/ruby-2.3.1@global/bin:/home/nazip/.rvm/rubies/ruby-2.3.1/bin:/home/nazip/bin:/usr/local/sbin:/usr/local/bin:/usr/sbin:/usr/bin:/sbin:/bin:/usr/games:/usr/local/games:/snap/bin:/usr/lib/jvm/java-8-oracle/bin:/usr/lib/jvm/java-8-oracle/db/bin:/usr/lib/jvm/java-8-oracle/jre/bin:/home/nazip/.rvm/bin:/home/nazip/.rvm/bin:/snap/bin:/usr/lib/jvm/java-8-oracle/bin:/usr/lib/jvm/java-8-oracle/db/bin:/usr/lib/jvm/java-8-oracle/jre/bin:/home/nazip/.rvm/bin:/usr/bin:/usr/local/bin/:/home/nazip/.rvm/bin:/home/nazip/Android/Sdk/tools:/home/nazip/Android/Sdk/platform-tools:/home/nazip/.rvm/bin:/home/nazip/.rvm/bin
10 verbose lifecycle nazip@1.0.0~test: CWD: /home/nazip/prj/react/turnIDE
11 silly lifecycle nazip@1.0.0~test: Args: [ '-c', 'jest --config jest.config.json' ]
12 silly lifecycle nazip@1.0.0~test: Returned: code: 1  signal: null
13 info lifecycle nazip@1.0.0~test: Failed to exec test script
14 verbose stack Error: nazip@1.0.0 test: `jest --config jest.config.json`
14 verbose stack Exit status 1
14 verbose stack     at EventEmitter.<anonymous> (/usr/lib/node_modules/npm/lib/utils/lifecycle.js:255:16)
14 verbose stack     at emitTwo (events.js:106:13)
14 verbose stack     at EventEmitter.emit (events.js:191:7)
14 verbose stack     at ChildProcess.<anonymous> (/usr/lib/node_modules/npm/lib/utils/spawn.js:40:14)
14 verbose stack     at emitTwo (events.js:106:13)
14 verbose stack     at ChildProcess.emit (events.js:191:7)
14 verbose stack     at maybeClose (internal/child_process.js:886:16)
14 verbose stack     at Process.ChildProcess._handle.onexit (internal/child_process.js:226:5)
15 verbose pkgid nazip@1.0.0
16 verbose cwd /home/nazip/prj/react/turnIDE
17 error Linux 4.4.0-75-generic
18 error argv "/usr/bin/nodejs" "/usr/bin/npm" "run" "test"
19 error node v6.10.3
20 error npm  v3.10.10
21 error code ELIFECYCLE
22 error nazip@1.0.0 test: `jest --config jest.config.json`
22 error Exit status 1
23 error Failed at the nazip@1.0.0 test script 'jest --config jest.config.json'.
23 error Make sure you have the latest version of node.js and npm installed.
23 error If you do, this is most likely a problem with the nazip package,
23 error not with npm itself.
23 error Tell the author that this fails on your system:
23 error     jest --config jest.config.json
23 error You can get information on how to open an issue for this project with:
23 error     npm bugs nazip
23 error Or if that isn't available, you can get their info via:
23 error     npm owner ls nazip
23 error There is likely additional logging output above.
24 verbose exit [ 1, true ]
